<?xml version="1.0" encoding="UTF-8"?>
<!-- Generated by org.testng.reporters.JUnitReportReporter -->
<testsuite skipped="0" hostname="CAPHYD-LAP-081" name="Task.PizzaHutTASK" tests="1" failures="0" timestamp="28 Aug 2019 12:11:43 GMT" time="23.847" errors="0">
  <testcase name="Pizza" time="23.847" classname="Task.PizzaHutTASK"/>
</testsuite> <!-- Task.PizzaHutTASK -->
